<?xml version="1.0" encoding="UTF-8"?>
<!-- Generated by org.testng.reporters.JUnitReportReporter -->
<testsuite hostname="Popcorn27" failures="0" tests="1" name="test.basicstest" time="31.683" errors="0" timestamp="2023-10-21T21:22:26 IST" skipped="0">
  <testcase classname="test.basicstest" name="login" time="31.683"/>
  <system-out/>
</testsuite> <!-- test.basicstest -->
